TN:
SF:src/modules/appointments/services/CreateAppointmentService.ts
FN:19,(anonymous_18)
FN:21,CreateAppointmentService
FN:27,(anonymous_20)
FNF:3
FNH:3
FNDA:1,(anonymous_18)
FNDA:2,CreateAppointmentService
FNDA:3,(anonymous_20)
DA:1,1
DA:2,1
DA:4,1
DA:19,1
DA:24,2
DA:27,3
DA:29,3
DA:31,3
DA:33,3
DA:34,1
DA:37,2
DA:43,2
DA:46,1
DA:48,1
LF:14
LH:14
BRDA:33,0,0,1
BRDA:33,0,1,2
BRF:2
BRH:2
end_of_record
TN:
SF:src/modules/appointments/services/ListProviderDayAvailabilityService.ts
FN:19,(anonymous_17)
FN:21,ListProviderDayAvailabilityService
FN:26,(anonymous_19)
FN:38,(anonymous_22)
FN:43,(anonymous_23)
FN:44,(anonymous_24)
FNF:6
FNH:6
FNDA:1,(anonymous_17)
FNDA:1,ListProviderDayAvailabilityService
FNDA:1,(anonymous_19)
FNDA:10,(anonymous_22)
FNDA:10,(anonymous_23)
FNDA:19,(anonymous_24)
DA:1,1
DA:2,1
DA:19,1
DA:23,1
DA:26,1
DA:27,1
DA:34,1
DA:36,1
DA:38,10
DA:41,1
DA:43,1
DA:44,10
DA:45,19
DA:47,10
DA:49,10
DA:55,1
DA:57,1
DA:59,1
LF:18
LH:18
BRDA:27,0,0,1
BRDA:51,1,0,10
BRDA:51,1,1,8
BRF:3
BRH:3
end_of_record
TN:
SF:src/modules/appointments/services/ListProviderMonthAvailabilityService.ts
FN:18,(anonymous_17)
FN:20,ListProviderMonthAvailabilityService
FN:25,(anonymous_19)
FN:38,(anonymous_22)
FN:41,(anonymous_23)
FN:42,(anonymous_24)
FNF:6
FNH:6
FNDA:1,(anonymous_17)
FNDA:1,ListProviderMonthAvailabilityService
FNDA:1,(anonymous_19)
FNDA:30,(anonymous_22)
FNDA:30,(anonymous_23)
FNDA:330,(anonymous_24)
DA:1,1
DA:2,1
DA:18,1
DA:22,1
DA:25,1
DA:26,1
DA:32,1
DA:36,1
DA:38,30
DA:41,1
DA:42,30
DA:43,330
DA:46,30
DA:52,1
DA:54,1
DA:56,1
LF:16
LH:16
BRDA:26,0,0,1
BRF:1
BRH:1
end_of_record
TN:
SF:src/modules/appointments/services/ListProvidersService.ts
FN:11,(anonymous_17)
FN:13,ListProvidersService
FN:18,(anonymous_19)
FNF:3
FNH:3
FNDA:1,(anonymous_17)
FNDA:1,ListProvidersService
FNDA:1,(anonymous_19)
DA:3,1
DA:11,1
DA:15,1
DA:18,1
DA:20,1
DA:24,1
DA:26,1
DA:28,1
LF:8
LH:8
BRDA:20,0,0,1
BRF:1
BRH:1
end_of_record
TN:
SF:src/modules/users/services/AuthenticateUserService.ts
FN:21,(anonymous_18)
FN:23,AuthenticateUserService
FN:31,(anonymous_20)
FNF:3
FNH:3
FNDA:1,(anonymous_18)
FNDA:4,AuthenticateUserService
FNDA:4,(anonymous_20)
DA:1,1
DA:2,1
DA:3,1
DA:4,1
DA:21,1
DA:25,4
DA:28,4
DA:31,4
DA:33,4
DA:35,4
DA:36,1
DA:39,3
DA:40,3
DA:41,3
DA:42,2
DA:46,1
DA:48,1
DA:53,1
DA:58,1
DA:60,1
LF:20
LH:20
BRDA:33,0,0,4
BRDA:35,1,0,1
BRDA:35,1,1,3
BRDA:39,2,0,0
BRDA:39,2,1,3
BRDA:41,3,0,2
BRDA:41,3,1,1
BRF:7
BRH:6
end_of_record
TN:
SF:src/modules/users/services/CreateUserService.ts
FN:15,(anonymous_18)
FN:17,CreateUserService
FN:25,(anonymous_20)
FNF:3
FNH:3
FNDA:2,(anonymous_18)
FNDA:6,CreateUserService
FNDA:6,(anonymous_20)
DA:2,2
DA:4,2
DA:15,2
DA:19,6
DA:22,6
DA:25,6
DA:27,6
DA:29,6
DA:30,1
DA:33,5
DA:35,5
DA:37,5
DA:40,2
DA:42,2
LF:14
LH:14
BRDA:27,0,0,6
BRDA:29,1,0,1
BRDA:29,1,1,5
BRF:3
BRH:3
end_of_record
TN:
SF:src/modules/users/services/ResetPasswordService.ts
FN:17,(anonymous_18)
FN:19,ResetPasswordService
FN:31,(anonymous_20)
FNF:3
FNH:3
FNDA:1,(anonymous_18)
FNDA:4,ResetPasswordService
FNDA:4,(anonymous_20)
DA:2,1
DA:3,1
DA:4,1
DA:17,1
DA:21,4
DA:24,4
DA:27,4
DA:31,4
DA:32,4
DA:34,4
DA:35,1
DA:38,3
DA:40,3
DA:41,1
DA:44,2
DA:46,2
DA:48,2
DA:49,1
DA:52,1
DA:54,2
DA:56,1
DA:58,1
LF:22
LH:22
BRDA:32,0,0,4
BRDA:34,1,0,1
BRDA:34,1,1,3
BRDA:40,2,0,1
BRDA:40,2,1,2
BRDA:48,3,0,1
BRDA:48,3,1,1
BRF:7
BRH:7
end_of_record
TN:
SF:src/modules/users/services/SendForgotPasswordEmailService.ts
FN:15,(anonymous_18)
FN:17,SendForgotPasswordEmailService
FN:29,(anonymous_20)
FNF:3
FNH:3
FNDA:1,(anonymous_18)
FNDA:3,SendForgotPasswordEmailService
FNDA:3,(anonymous_20)
DA:1,1
DA:3,1
DA:4,1
DA:15,1
DA:19,3
DA:22,3
DA:25,3
DA:29,3
DA:31,3
DA:33,3
DA:34,1
DA:37,2
DA:39,2
DA:46,4
DA:62,1
DA:64,1
LF:16
LH:16
BRDA:31,0,0,3
BRDA:33,1,0,1
BRDA:33,1,1,2
BRF:3
BRH:3
end_of_record
TN:
SF:src/modules/users/services/ShowProfileService.ts
FN:12,(anonymous_18)
FN:14,ShowProfileService
FN:19,(anonymous_20)
FNF:3
FNH:3
FNDA:1,(anonymous_18)
FNDA:2,ShowProfileService
FNDA:2,(anonymous_20)
DA:2,1
DA:3,1
DA:12,1
DA:16,2
DA:19,2
DA:21,2
DA:23,2
DA:24,1
DA:27,1
DA:30,1
DA:32,1
LF:11
LH:11
BRDA:21,0,0,2
BRDA:23,1,0,1
BRDA:23,1,1,1
BRF:3
BRH:3
end_of_record
TN:
SF:src/modules/users/services/UpdateProfileService.ts
FN:17,(anonymous_18)
FN:19,UpdateProfileService
FN:27,(anonymous_20)
FNF:3
FNH:3
FNDA:1,(anonymous_18)
FNDA:6,UpdateProfileService
FNDA:6,(anonymous_20)
DA:2,1
DA:3,1
DA:17,1
DA:21,6
DA:24,6
DA:27,6
DA:29,6
DA:31,6
DA:32,1
DA:35,5
DA:37,5
DA:38,1
DA:41,4
DA:42,4
DA:44,4
DA:46,1
DA:50,4
DA:51,2
DA:56,2
DA:57,1
DA:60,1
DA:63,2
DA:65,2
DA:68,1
DA:70,1
LF:25
LH:25
BRDA:29,0,0,6
BRDA:29,0,1,2
BRDA:31,1,0,1
BRDA:31,1,1,5
BRDA:37,2,0,1
BRDA:37,2,1,4
BRDA:37,3,0,5
BRDA:37,3,1,4
BRDA:44,4,0,1
BRDA:44,4,1,3
BRDA:44,5,0,4
BRDA:44,5,1,3
BRDA:50,6,0,1
BRDA:50,6,1,2
BRDA:50,7,0,3
BRDA:50,7,1,2
BRDA:50,7,2,2
BRDA:56,8,0,1
BRDA:56,8,1,1
BRF:19
BRH:19
end_of_record
TN:
SF:src/modules/users/services/UpdateUserAvatarService.ts
FN:17,(anonymous_18)
FN:19,UpdateUserAvatarService
FN:27,(anonymous_20)
FNF:3
FNH:3
FNDA:1,(anonymous_18)
FNDA:3,UpdateUserAvatarService
FNDA:4,(anonymous_20)
DA:2,1
DA:3,1
DA:17,1
DA:21,3
DA:24,3
DA:27,4
DA:29,4
DA:31,4
DA:32,1
DA:35,5
DA:36,2
DA:39,3
DA:41,3
DA:43,6
DA:45,3
DA:47,1
DA:49,1
LF:17
LH:17
BRDA:29,0,0,4
BRDA:29,0,1,3
BRDA:31,1,0,1
BRDA:31,1,1,3
BRDA:35,2,0,2
BRDA:35,2,1,1
BRF:6
BRH:6
end_of_record
